0 info it worked if it ends with ok
1 verbose cli [ '/home/pierre/.nvm/versions/node/v6.9.1/bin/node',
1 verbose cli   '/home/pierre/.nvm/versions/node/v6.9.1/bin/npm',
1 verbose cli   'start' ]
2 info using npm@3.10.8
3 info using node@v6.9.1
4 verbose run-script [ 'prestart', 'start', 'poststart' ]
5 info lifecycle websocket@1.0.0~prestart: websocket@1.0.0
6 silly lifecycle websocket@1.0.0~prestart: no script for prestart, continuing
7 info lifecycle websocket@1.0.0~start: websocket@1.0.0
8 verbose lifecycle websocket@1.0.0~start: unsafe-perm in lifecycle true
9 verbose lifecycle websocket@1.0.0~start: PATH: /home/pierre/.nvm/versions/node/v6.9.1/lib/node_modules/npm/bin/node-gyp-bin:/home/pierre/workspace/trader/node/node_modules/.bin:/home/pierre/.rvm/gems/ruby-2.3.1/bin:/home/pierre/.rvm/gems/ruby-2.3.1@global/bin:/home/pierre/.rvm/rubies/ruby-2.3.1/bin:/home/pierre/bin:/home/pierre/.nvm/versions/node/v6.9.1/bin:/home/pierre/bin:/usr/local/sbin:/usr/local/bin:/usr/sbin:/usr/bin:/sbin:/bin:/usr/games:/usr/local/games:/snap/bin:/home/pierre/.rvm/bin:/snap/bin:/home/pierre/bin:/home/pierre/bin/RubyMine-2016.1.1/bin/:/home/pierre/.rvm/bin:/home/pierre/.rvm/bin
10 verbose lifecycle websocket@1.0.0~start: CWD: /home/pierre/workspace/trader/node
11 silly lifecycle websocket@1.0.0~start: Args: [ '-c', 'ws.js' ]
12 info lifecycle websocket@1.0.0~start: Failed to exec start script
13 verbose stack Error: websocket@1.0.0 start: `ws.js`
13 verbose stack spawn ENOENT
13 verbose stack     at ChildProcess.<anonymous> (/home/pierre/.nvm/versions/node/v6.9.1/lib/node_modules/npm/lib/utils/spawn.js:33:16)
13 verbose stack     at emitTwo (events.js:106:13)
13 verbose stack     at ChildProcess.emit (events.js:191:7)
13 verbose stack     at maybeClose (internal/child_process.js:877:16)
13 verbose stack     at Process.ChildProcess._handle.onexit (internal/child_process.js:226:5)
14 verbose pkgid websocket@1.0.0
15 verbose cwd /home/pierre/workspace/trader/node
16 error Linux 4.6.1-040601-generic
17 error argv "/home/pierre/.nvm/versions/node/v6.9.1/bin/node" "/home/pierre/.nvm/versions/node/v6.9.1/bin/npm" "start"
18 error node v6.9.1
19 error npm  v3.10.8
20 error file sh
21 error code ELIFECYCLE
22 error errno ENOENT
23 error syscall spawn
24 error websocket@1.0.0 start: `ws.js`
24 error spawn ENOENT
25 error Failed at the websocket@1.0.0 start script 'ws.js'.
25 error Make sure you have the latest version of node.js and npm installed.
25 error If you do, this is most likely a problem with the websocket package,
25 error not with npm itself.
25 error Tell the author that this fails on your system:
25 error     ws.js
25 error You can get information on how to open an issue for this project with:
25 error     npm bugs websocket
25 error Or if that isn't available, you can get their info via:
25 error     npm owner ls websocket
25 error There is likely additional logging output above.
26 verbose exit [ 1, true ]
